<?xml version="1.0" encoding="UTF-8"?>
<!-- Generated by org.testng.reporters.JUnitXMLReporter -->
<testsuite hostname="ajitbiswas-laptop" ignored="0" name="Test" tests="2" failures="1" timestamp="14 Apr 2018 11:48:47 GMT" time="58.913" errors="0">
  <testcase name="testLogin" time="5.45" classname="scripts.TestValidLogin">
    <failure type="java.lang.AssertionError" message="The following asserts failed:
	expected [actiTIME - Enter Time-Track123] but found [actiTIME - Enter Time-Track]">
      <![CDATA[java.lang.AssertionError: The following asserts failed:
	expected [actiTIME - Enter Time-Track123] but found [actiTIME - Enter Time-Track]
	at scripts.TestValidLogin.testLogin(TestValidLogin.java:29)
... Removed 26 stack frames]]>
    </failure>
  </testcase> <!-- testLogin -->
  <testcase name="testInvalidLogin" time="29.714" classname="scripts.TestInvalidLogin"/>
</testsuite> <!-- Test -->
